<?xml version="1.0" encoding="utf-8"?>
<test-run id="2" testcasecount="48" result="Passed" total="48" passed="48" failed="0" inconclusive="0" skipped="0" asserts="0" engine-version="3.5.0.0" clr-version="4.0.30319.42000" start-time="2026-07-24 02:02:20Z" end-time="2026-07-24 02:02:30Z" duration="9.4661121">
  <test-suite type="TestSuite" id="1061" name="My Pizza Shop" fullname="My Pizza Shop" runstate="Runnable" testcasecount="48" result="Passed" start-time="2026-07-24 02:02:20Z" end-time="2026-07-24 02:02:30Z" duration="9.466112" total="48" passed="48" failed="0" inconclusive="0" skipped="0" asserts="0">
    <properties>
      <property name="platform" value="PlayMode" />
    </properties>
    <test-suite type="Assembly" id="1055" name="Engineering.Tests.PlayMode.dll" fullname="D:/Game Projects/My-Pizza-Shop/Library/ScriptAssemblies/Engineering.Tests.PlayMode.dll" runstate="Runnable" testcasecount="48" result="Passed" start-time="2026-07-24 02:02:20Z" end-time="2026-07-24 02:02:30Z" duration="9.461357" total="48" passed="48" failed="0" inconclusive="0" skipped="0" asserts="0">
      <properties>
        <property name="_PID" value="7756" />
        <property name="_APPDOMAIN" value="Unity Child Domain" />
        <property name="platform" value="PlayMode" />
        <property name="EditorOnly" value="False" />
      </properties>
      <test-suite type="TestSuite" id="1056" name="Engineering" fullname="Engineering" runstate="Runnable" testcasecount="48" result="Passed" start-time="2026-07-24 02:02:20Z" end-time="2026-07-24 02:02:30Z" duration="9.461129" total="48" passed="48" failed="0" inconclusive="0" skipped="0" asserts="0">
        <properties />
        <test-suite type="TestSuite" id="1057" name="Tests" fullname="Engineering.Tests" runstate="Runnable" testcasecount="48" result="Passed" start-time="2026-07-24 02:02:20Z" end-time="2026-07-24 02:02:30Z" duration="9.460964" total="48" passed="48" failed="0" inconclusive="0" skipped="0" asserts="0">
          <properties />
          <test-suite type="TestFixture" id="1001" name="EconomyPaymentPlayModeTests" fullname="Engineering.Tests.EconomyPaymentPlayModeTests" classname="Engineering.Tests.EconomyPaymentPlayModeTests" runstate="Runnable" testcasecount="11" result="Passed" start-time="2026-07-24 02:02:20Z" end-time="2026-07-24 02:02:21Z" duration="0.449455" total="11" passed="11" failed="0" inconclusive="0" skipped="0" asserts="0">
            <properties />
            <test-case id="1010" name="CollectingGroundMoney_FollowsTheMovingPlayerAnimationTarget" fullname="Engineering.Tests.EconomyPaymentPlayModeTests.CollectingGroundMoney_FollowsTheMovingPlayerAnimationTarget" methodname="CollectingGroundMoney_FollowsTheMovingPlayerAnimationTarget" classname="Engineering.Tests.EconomyPaymentPlayModeTests" runstate="Runnable" seed="451578295" result="Passed" start-time="2026-07-24 02:02:20Z" end-time="2026-07-24 02:02:20Z" duration="0.227313" asserts="0">
              <properties>
                <property name="_JOINTYPE" value="UnityCombinatorial" />
                <property name="retryIteration" value="0" />
                <property name="repeatIteration" value="0" />
              </properties>
            </test-case>
            <test-case id="1011" name="CollectingGroundMoney_IgnoresNonPlayerColliders" fullname="Engineering.Tests.EconomyPaymentPlayModeTests.CollectingGroundMoney_IgnoresNonPlayerColliders" methodname="CollectingGroundMoney_IgnoresNonPlayerColliders" classname="Engineering.Tests.EconomyPaymentPlayModeTests" runstate="Runnable" seed="735340341" result="Passed" start-time="2026-07-24 02:02:20Z" end-time="2026-07-24 02:02:20Z" duration="0.003488" asserts="0">
              <properties>
                <property name="_JOINTYPE" value="UnityCombinatorial" />
                <property name="retryIteration" value="0" />
                <property name="repeatIteration" value="0" />
              </properties>
            </test-case>
            <test-case id="1012" name="CollectingGroundMoney_OnlyAwardsMoneyOnceForRepeatedTriggers" fullname="Engineering.Tests.EconomyPaymentPlayModeTests.CollectingGroundMoney_OnlyAwardsMoneyOnceForRepeatedTriggers" methodname="CollectingGroundMoney_OnlyAwardsMoneyOnceForRepeatedTriggers" classname="Engineering.Tests.EconomyPaymentPlayModeTests" runstate="Runnable" seed="873352133" result="Passed" start-time="2026-07-24 02:02:20Z" end-time="2026-07-24 02:02:20Z" duration="0.001150" asserts="0">
              <properties>
                <property name="_JOINTYPE" value="UnityCombinatorial" />
                <property name="retryIteration" value="0" />
                <property name="repeatIteration" value="0" />
              </properties>
            </test-case>
            <test-case id="1008" name="CollectingGroundMoney_RaisesGroundMoneyCollectedEventOnce" fullname="Engineering.Tests.EconomyPaymentPlayModeTests.CollectingGroundMoney_RaisesGroundMoneyCollectedEventOnce" methodname="CollectingGroundMoney_RaisesGroundMoneyCollectedEventOnce" classname="Engineering.Tests.EconomyPaymentPlayModeTests" runstate="Runnable" seed="360607906" result="Passed" start-time="2026-07-24 02:02:20Z" end-time="2026-07-24 02:02:20Z" duration="0.001277" asserts="0">
              <properties>
                <property name="_JOINTYPE" value="UnityCombinatorial" />
                <property name="retryIteration" value="0" />
                <property name="repeatIteration" value="0" />
              </properties>
            </test-case>
            <test-case id="1009" name="CollectingGroundMoney_WithAnimationManager_UpdatesTheBalanceAndStartsMoneyAnimation" fullname="Engineering.Tests.EconomyPaymentPlayModeTests.CollectingGroundMoney_WithAnimationManager_UpdatesTheBalanceAndStartsMoneyAnimation" methodname="CollectingGroundMoney_WithAnimationManager_UpdatesTheBalanceAndStartsMoneyAnimation" classname="Engineering.Tests.EconomyPaymentPlayModeTests" runstate="Runnable" seed="1249879378" result="Passed" start-time="2026-07-24 02:02:20Z" end-time="2026-07-24 02:02:20Z" duration="0.001476" asserts="0">
              <properties>
                <property name="_JOINTYPE" value="UnityCombinatorial" />
                <property name="retryIteration" value="0" />
                <property name="repeatIteration" value="0" />
              </properties>
            </test-case>
            <test-case id="1007" name="CollectingGroundMoney_WithoutAnimationManager_AddsTheConfiguredAmountUpdatesTheUiAndDestroysThePickup" fullname="Engineering.Tests.EconomyPaymentPlayModeTests.CollectingGroundMoney_WithoutAnimationManager_AddsTheConfiguredAmountUpdatesTheUiAndDestroysThePickup" methodname="CollectingGroundMoney_WithoutAnimationManager_AddsTheConfiguredAmountUpdatesTheUiAndDestroysThePickup" classname="Engineering.Tests.EconomyPaymentPlayModeTests" runstate="Runnable" seed="907869466" result="Passed" start-time="2026-07-24 02:02:20Z" end-time="2026-07-24 02:02:20Z" duration="0.001073" asserts="0">
              <properties>
                <property name="_JOINTYPE" value="UnityCombinatorial" />
                <property name="retryIteration" value="0" />
                <property name="repeatIteration" value="0" />
              </properties>
            </test-case>
            <test-case id="1004" name="CompletingPurchase_DestroysTheBuyingArea" fullname="Engineering.Tests.EconomyPaymentPlayModeTests.CompletingPurchase_DestroysTheBuyingArea" methodname="CompletingPurchase_DestroysTheBuyingArea" classname="Engineering.Tests.EconomyPaymentPlayModeTests" runstate="Runnable" seed="132395787" result="Passed" start-time="2026-07-24 02:02:20Z" end-time="2026-07-24 02:02:20Z" duration="0.001204" asserts="0">
              <properties>
                <property name="_JOINTYPE" value="UnityCombinatorial" />
                <property name="retryIteration" value="0" />
                <property name="repeatIteration" value="0" />
              </properties>
            </test-case>
            <test-case id="1005" name="CompletingPurchase_RaisesBuyingAreaPurchasedEventOnce" fullname="Engineering.Tests.EconomyPaymentPlayModeTests.CompletingPurchase_RaisesBuyingAreaPurchasedEventOnce" methodname="CompletingPurchase_RaisesBuyingAreaPurchasedEventOnce" classname="Engineering.Tests.EconomyPaymentPlayModeTests" runstate="Runnable" seed="2116704341" result="Passed" start-time="2026-07-24 02:02:20Z" end-time="2026-07-24 02:02:20Z" duration="0.000973" asserts="0">
              <properties>
                <property name="_JOINTYPE" value="UnityCombinatorial" />
                <property name="retryIteration" value="0" />
                <property name="repeatIteration" value="0" />
              </properties>
            </test-case>
            <test-case id="1006" name="CompletingPurchaseDuringPayment_UsesCachedAnimationDestination" fullname="Engineering.Tests.EconomyPaymentPlayModeTests.CompletingPurchaseDuringPayment_UsesCachedAnimationDestination" methodname="CompletingPurchaseDuringPayment_UsesCachedAnimationDestination" classname="Engineering.Tests.EconomyPaymentPlayModeTests" runstate="Runnable" seed="374948309" result="Passed" start-time="2026-07-24 02:02:20Z" end-time="2026-07-24 02:02:20Z" duration="0.101349" asserts="0">
              <properties>
                <property name="_JOINTYPE" value="UnityCombinatorial" />
                <property name="retryIteration" value="0" />
                <property name="repeatIteration" value="0" />
              </properties>
            </test-case>
            <test-case id="1002" name="EnteringBuyingArea_TransfersTheConfiguredPaymentRate" fullname="Engineering.Tests.EconomyPaymentPlayModeTests.EnteringBuyingArea_TransfersTheConfiguredPaymentRate" methodname="EnteringBuyingArea_TransfersTheConfiguredPaymentRate" classname="Engineering.Tests.EconomyPaymentPlayModeTests" runstate="Runnable" seed="1631959087" result="Passed" start-time="2026-07-24 02:02:20Z" end-time="2026-07-24 02:02:20Z" duration="0.000983" asserts="0">
              <properties>
                <property name="_JOINTYPE" value="UnityCombinatorial" />
                <property name="retryIteration" value="0" />
                <property name="repeatIteration" value="0" />
              </properties>
            </test-case>
            <test-case id="1003" name="LeavingBuyingArea_CancelsFurtherScheduledPayments" fullname="Engineering.Tests.EconomyPaymentPlayModeTests.LeavingBuyingArea_CancelsFurtherScheduledPayments" methodname="LeavingBuyingArea_CancelsFurtherScheduledPayments" classname="Engineering.Tests.EconomyPaymentPlayModeTests" runstate="Runnable" seed="1286067592" result="Passed" start-time="2026-07-24 02:02:20Z" end-time="2026-07-24 02:02:21Z" duration="0.101076" asserts="0">
              <properties>
                <property name="_JOINTYPE" value="UnityCombinatorial" />
                <property name="retryIteration" value="0" />
                <property name="repeatIteration" value="0" />
              </properties>
            </test-case>
          </test-suite>
          <test-suite type="TestFixture" id="1013" name="GrillStationPlayModeTests" fullname="Engineering.Tests.GrillStationPlayModeTests" classname="Engineering.Tests.GrillStationPlayModeTests" runstate="Runnable" testcasecount="1" result="Passed" start-time="2026-07-24 02:02:21Z" end-time="2026-07-24 02:02:21Z" duration="0.201782" total="1" passed="1" failed="0" inconclusive="0" skipped="0" asserts="0">
            <properties />
            <test-case id="1014" name="GrillStation_StopsAtCapacityAndCollectsOnlyThePlayerRemainingCapacity" fullname="Engineering.Tests.GrillStationPlayModeTests.GrillStation_StopsAtCapacityAndCollectsOnlyThePlayerRemainingCapacity" methodname="GrillStation_StopsAtCapacityAndCollectsOnlyThePlayerRemainingCapacity" classname="Engineering.Tests.GrillStationPlayModeTests" runstate="Runnable" seed="1957204783" result="Passed" start-time="2026-07-24 02:02:21Z" end-time="2026-07-24 02:02:21Z" duration="0.201401" asserts="0">
              <properties>
                <property name="_JOINTYPE" value="UnityCombinatorial" />
                <property name="retryIteration" value="0" />
                <property name="repeatIteration" value="0" />
              </properties>
            </test-case>
          </test-suite>
          <test-suite type="TestFixture" id="1015" name="MoneyAnimationPoolPlayModeTests" fullname="Engineering.Tests.MoneyAnimationPoolPlayModeTests" classname="Engineering.Tests.MoneyAnimationPoolPlayModeTests" runstate="Runnable" testcasecount="5" result="Passed" start-time="2026-07-24 02:02:21Z" end-time="2026-07-24 02:02:21Z" duration="0.258214" total="5" passed="5" failed="0" inconclusive="0" skipped="0" asserts="0">
            <properties />
            <test-case id="1018" name="CompletedAnimation_ResetsPooledChildTransformState" fullname="Engineering.Tests.MoneyAnimationPoolPlayModeTests.CompletedAnimation_ResetsPooledChildTransformState" methodname="CompletedAnimation_ResetsPooledChildTransformState" classname="Engineering.Tests.MoneyAnimationPoolPlayModeTests" runstate="Runnable" seed="717496843" result="Passed" start-time="2026-07-24 02:02:21Z" end-time="2026-07-24 02:02:21Z" duration="0.052905" asserts="0">
              <properties>
                <property name="_JOINTYPE" value="UnityCombinatorial" />
                <property name="retryIteration" value="0" />
                <property name="repeatIteration" value="0" />
              </properties>
            </test-case>
            <test-case id="1017" name="CompletedAnimation_ReusesTheSamePooledChild" fullname="Engineering.Tests.MoneyAnimationPoolPlayModeTests.CompletedAnimation_ReusesTheSamePooledChild" methodname="CompletedAnimation_ReusesTheSamePooledChild" classname="Engineering.Tests.MoneyAnimationPoolPlayModeTests" runstate="Runnable" seed="197257488" result="Passed" start-time="2026-07-24 02:02:21Z" end-time="2026-07-24 02:02:21Z" duration="0.100673" asserts="0">
              <properties>
                <property name="_JOINTYPE" value="UnityCombinatorial" />
                <property name="retryIteration" value="0" />
                <property name="repeatIteration" value="0" />
              </properties>
            </test-case>
            <test-case id="1016" name="InitialPoolSize_PrewarmsInactiveMoneyChildren" fullname="Engineering.Tests.MoneyAnimationPoolPlayModeTests.InitialPoolSize_PrewarmsInactiveMoneyChildren" methodname="InitialPoolSize_PrewarmsInactiveMoneyChildren" classname="Engineering.Tests.MoneyAnimationPoolPlayModeTests" runstate="Runnable" seed="1460467564" result="Passed" start-time="2026-07-24 02:02:21Z" end-time="2026-07-24 02:02:21Z" duration="0.050597" asserts="0">
              <properties>
                <property name="_JOINTYPE" value="UnityCombinatorial" />
                <property name="retryIteration" value="0" />
                <property name="repeatIteration" value="0" />
              </properties>
            </test-case>
            <test-case id="1020" name="KillingMoneyTween_ReturnsChildToPoolAndRemovesItFromActiveState" fullname="Engineering.Tests.MoneyAnimationPoolPlayModeTests.KillingMoneyTween_ReturnsChildToPoolAndRemovesItFromActiveState" methodname="KillingMoneyTween_ReturnsChildToPoolAndRemovesItFromActiveState" classname="Engineering.Tests.MoneyAnimationPoolPlayModeTests" runstate="Runnable" seed="855766275" result="Passed" start-time="2026-07-24 02:02:21Z" end-time="2026-07-24 02:02:21Z" duration="0.001101" asserts="0">
              <properties>
                <property name="_JOINTYPE" value="UnityCombinatorial" />
                <property name="retryIteration" value="0" />
                <property name="repeatIteration" value="0" />
              </properties>
            </test-case>
            <test-case id="1019" name="OverlappingAnimations_AllPlayAndPoolRetainsAtMostMaxSize" fullname="Engineering.Tests.MoneyAnimationPoolPlayModeTests.OverlappingAnimations_AllPlayAndPoolRetainsAtMostMaxSize" methodname="OverlappingAnimations_AllPlayAndPoolRetainsAtMostMaxSize" classname="Engineering.Tests.MoneyAnimationPoolPlayModeTests" runstate="Runnable" seed="1826486377" result="Passed" start-time="2026-07-24 02:02:21Z" end-time="2026-07-24 02:02:21Z" duration="0.052171" asserts="0">
              <properties>
                <property name="_JOINTYPE" value="UnityCombinatorial" />
                <property name="retryIteration" value="0" />
                <property name="repeatIteration" value="0" />
              </properties>
            </test-case>
          </test-suite>
          <test-suite type="TestFixture" id="1021" name="ServeStationPlayModeTests" fullname="Engineering.Tests.ServeStationPlayModeTests" classname="Engineering.Tests.ServeStationPlayModeTests" runstate="Runnable" testcasecount="19" result="Passed" start-time="2026-07-24 02:02:21Z" end-time="2026-07-24 02:02:29Z" duration="8.134763" total="19" passed="19" failed="0" inconclusive="0" skipped="0" asserts="0">
            <properties />
            <test-case id="1040" name="CustomerSpawner_DisabledStopsSpawning" fullname="Engineering.Tests.ServeStationPlayModeTests.CustomerSpawner_DisabledStopsSpawning" methodname="CustomerSpawner_DisabledStopsSpawning" classname="Engineering.Tests.ServeStationPlayModeTests" runstate="Runnable" seed="1336181244" result="Passed" start-time="2026-07-24 02:02:21Z" end-time="2026-07-24 02:02:24Z" duration="3.203268" asserts="0">
              <properties>
                <property name="_JOINTYPE" value="UnityCombinatorial" />
                <property name="retryIteration" value="0" />
                <property name="repeatIteration" value="0" />
              </properties>
              <output><![CDATA[Failed to create agent because there is no valid NavMesh
]]></output>
            </test-case>
            <test-case id="1039" name="CustomerSpawner_DoesNotExceedCapacity" fullname="Engineering.Tests.ServeStationPlayModeTests.CustomerSpawner_DoesNotExceedCapacity" methodname="CustomerSpawner_DoesNotExceedCapacity" classname="Engineering.Tests.ServeStationPlayModeTests" runstate="Runnable" seed="664137901" result="Passed" start-time="2026-07-24 02:02:24Z" end-time="2026-07-24 02:02:27Z" duration="2.501664" asserts="0">
              <properties>
                <property name="_JOINTYPE" value="UnityCombinatorial" />
                <property name="retryIteration" value="0" />
                <property name="repeatIteration" value="0" />
              </properties>
              <output><![CDATA[Failed to create agent because there is no valid NavMesh
]]></output>
            </test-case>
            <test-case id="1038" name="CustomerSpawner_OrdersWithinRange" fullname="Engineering.Tests.ServeStationPlayModeTests.CustomerSpawner_OrdersWithinRange" methodname="CustomerSpawner_OrdersWithinRange" classname="Engineering.Tests.ServeStationPlayModeTests" runstate="Runnable" seed="457355028" result="Passed" start-time="2026-07-24 02:02:27Z" end-time="2026-07-24 02:02:28Z" duration="1.202158" asserts="0">
              <properties>
                <property name="_JOINTYPE" value="UnityCombinatorial" />
                <property name="retryIteration" value="0" />
                <property name="repeatIteration" value="0" />
              </properties>
              <output><![CDATA[Failed to create agent because there is no valid NavMesh
]]></output>
            </test-case>
            <test-case id="1024" name="CustomerSpawner_SafeWhenSpawnPointNull" fullname="Engineering.Tests.ServeStationPlayModeTests.CustomerSpawner_SafeWhenSpawnPointNull" methodname="CustomerSpawner_SafeWhenSpawnPointNull" classname="Engineering.Tests.ServeStationPlayModeTests" runstate="Runnable" seed="2112596462" result="Passed" start-time="2026-07-24 02:02:28Z" end-time="2026-07-24 02:02:29Z" duration="1.201455" asserts="0">
              <properties>
                <property name="_JOINTYPE" value="UnityCombinatorial" />
                <property name="retryIteration" value="0" />
                <property name="repeatIteration" value="0" />
              </properties>
              <output><![CDATA[Failed to create agent because there is no valid NavMesh
]]></output>
            </test-case>
            <test-case id="1033" name="RegisterCustomer_AcceptsAfterFrontCompletes" fullname="Engineering.Tests.ServeStationPlayModeTests.RegisterCustomer_AcceptsAfterFrontCompletes" methodname="RegisterCustomer_AcceptsAfterFrontCompletes" classname="Engineering.Tests.ServeStationPlayModeTests" runstate="Runnable" seed="266834367" result="Passed" start-time="2026-07-24 02:02:29Z" end-time="2026-07-24 02:02:29Z" duration="0.002868" asserts="0">
              <properties>
                <property name="_JOINTYPE" value="UnityCombinatorial" />
                <property name="retryIteration" value="0" />
                <property name="repeatIteration" value="0" />
              </properties>
              <output><![CDATA[Failed to create agent because there is no valid NavMesh
Failed to create agent because there is no valid NavMesh
Failed to create agent because there is no valid NavMesh
Failed to create agent because there is no valid NavMesh
]]></output>
            </test-case>
            <test-case id="1031" name="RegisterCustomer_RejectsBeyondCapacity" fullname="Engineering.Tests.ServeStationPlayModeTests.RegisterCustomer_RejectsBeyondCapacity" methodname="RegisterCustomer_RejectsBeyondCapacity" classname="Engineering.Tests.ServeStationPlayModeTests" runstate="Runnable" seed="677647000" result="Passed" start-time="2026-07-24 02:02:29Z" end-time="2026-07-24 02:02:29Z" duration="0.001854" asserts="0">
              <properties>
                <property name="_JOINTYPE" value="UnityCombinatorial" />
                <property name="retryIteration" value="0" />
                <property name="repeatIteration" value="0" />
              </properties>
              <output><![CDATA[Failed to create agent because there is no valid NavMesh
Failed to create agent because there is no valid NavMesh
Failed to create agent because there is no valid NavMesh
Failed to create agent because there is no valid NavMesh
]]></output>
            </test-case>
            <test-case id="1023" name="RegisterCustomer_SafeWhenQueueSlotElementNull" fullname="Engineering.Tests.ServeStationPlayModeTests.RegisterCustomer_SafeWhenQueueSlotElementNull" methodname="RegisterCustomer_SafeWhenQueueSlotElementNull" classname="Engineering.Tests.ServeStationPlayModeTests" runstate="Runnable" seed="737224373" result="Passed" start-time="2026-07-24 02:02:29Z" end-time="2026-07-24 02:02:29Z" duration="0.001672" asserts="0">
              <properties>
                <property name="_JOINTYPE" value="UnityCombinatorial" />
                <property name="retryIteration" value="0" />
                <property name="repeatIteration" value="0" />
              </properties>
              <output><![CDATA[Failed to create agent because there is no valid NavMesh
Failed to create agent because there is no valid NavMesh
]]></output>
            </test-case>
            <test-case id="1022" name="RegisterCustomer_SafeWhenQueueSlotsNull" fullname="Engineering.Tests.ServeStationPlayModeTests.RegisterCustomer_SafeWhenQueueSlotsNull" methodname="RegisterCustomer_SafeWhenQueueSlotsNull" classname="Engineering.Tests.ServeStationPlayModeTests" runstate="Runnable" seed="348323149" result="Passed" start-time="2026-07-24 02:02:29Z" end-time="2026-07-24 02:02:29Z" duration="0.001124" asserts="0">
              <properties>
                <property name="_JOINTYPE" value="UnityCombinatorial" />
                <property name="retryIteration" value="0" />
                <property name="repeatIteration" value="0" />
              </properties>
              <output><![CDATA[Failed to create agent because there is no valid NavMesh
]]></output>
            </test-case>
            <test-case id="1032" name="RegisterCustomer_TenCustomerCapacity" fullname="Engineering.Tests.ServeStationPlayModeTests.RegisterCustomer_TenCustomerCapacity" methodname="RegisterCustomer_TenCustomerCapacity" classname="Engineering.Tests.ServeStationPlayModeTests" runstate="Runnable" seed="2099304028" result="Passed" start-time="2026-07-24 02:02:29Z" end-time="2026-07-24 02:02:29Z" duration="0.003099" asserts="0">
              <properties>
                <property name="_JOINTYPE" value="UnityCombinatorial" />
                <property name="retryIteration" value="0" />
                <property name="repeatIteration" value="0" />
              </properties>
              <output><![CDATA[Failed to create agent because there is no valid NavMesh
Failed to create agent because there is no valid NavMesh
Failed to create agent because there is no valid NavMesh
Failed to create agent because there is no valid NavMesh
Failed to create agent because there is no valid NavMesh
Failed to create agent because there is no valid NavMesh
Failed to create agent because there is no valid NavMesh
Failed to create agent because there is no valid NavMesh
Failed to create agent because there is no valid NavMesh
Failed to create agent because there is no valid NavMesh
Failed to create agent because there is no valid NavMesh
]]></output>
            </test-case>
            <test-case id="1037" name="ServePlateTriggers_DoesNotServeWithNonPlayerTag" fullname="Engineering.Tests.ServeStationPlayModeTests.ServePlateTriggers_DoesNotServeWithNonPlayerTag" methodname="ServePlateTriggers_DoesNotServeWithNonPlayerTag" classname="Engineering.Tests.ServeStationPlayModeTests" runstate="Runnable" seed="76265931" result="Passed" start-time="2026-07-24 02:02:29Z" end-time="2026-07-24 02:02:29Z" duration="0.002202" asserts="0">
              <properties>
                <property name="_JOINTYPE" value="UnityCombinatorial" />
                <property name="retryIteration" value="0" />
                <property name="repeatIteration" value="0" />
              </properties>
              <output><![CDATA[Failed to create agent because there is no valid NavMesh
]]></output>
            </test-case>
            <test-case id="1036" name="ServePlateTriggers_ServeFrontCustomerWithPlayerTag" fullname="Engineering.Tests.ServeStationPlayModeTests.ServePlateTriggers_ServeFrontCustomerWithPlayerTag" methodname="ServePlateTriggers_ServeFrontCustomerWithPlayerTag" classname="Engineering.Tests.ServeStationPlayModeTests" runstate="Runnable" seed="663333515" result="Passed" start-time="2026-07-24 02:02:29Z" end-time="2026-07-24 02:02:29Z" duration="0.001514" asserts="0">
              <properties>
                <property name="_JOINTYPE" value="UnityCombinatorial" />
                <property name="retryIteration" value="0" />
                <property name="repeatIteration" value="0" />
              </properties>
              <output><![CDATA[Failed to create agent because there is no valid NavMesh
]]></output>
            </test-case>
            <test-case id="1034" name="TryServeFrontCustomer_AwardsMoneyForDeliveredPizzas" fullname="Engineering.Tests.ServeStationPlayModeTests.TryServeFrontCustomer_AwardsMoneyForDeliveredPizzas" methodname="TryServeFrontCustomer_AwardsMoneyForDeliveredPizzas" classname="Engineering.Tests.ServeStationPlayModeTests" runstate="Runnable" seed="840744380" result="Passed" start-time="2026-07-24 02:02:29Z" end-time="2026-07-24 02:02:29Z" duration="0.001236" asserts="0">
              <properties>
                <property name="_JOINTYPE" value="UnityCombinatorial" />
                <property name="retryIteration" value="0" />
                <property name="repeatIteration" value="0" />
              </properties>
              <output><![CDATA[Failed to create agent because there is no valid NavMesh
]]></output>
            </test-case>
            <test-case id="1028" name="TryServeFrontCustomer_CompletedOrderRemovesAndReassigns" fullname="Engineering.Tests.ServeStationPlayModeTests.TryServeFrontCustomer_CompletedOrderRemovesAndReassigns" methodname="TryServeFrontCustomer_CompletedOrderRemovesAndReassigns" classname="Engineering.Tests.ServeStationPlayModeTests" runstate="Runnable" seed="580675180" result="Passed" start-time="2026-07-24 02:02:29Z" end-time="2026-07-24 02:02:29Z" duration="0.001459" asserts="0">
              <properties>
                <property name="_JOINTYPE" value="UnityCombinatorial" />
                <property name="retryIteration" value="0" />
                <property name="repeatIteration" value="0" />
              </properties>
              <output><![CDATA[Failed to create agent because there is no valid NavMesh
Failed to create agent because there is no valid NavMesh
]]></output>
            </test-case>
            <test-case id="1027" name="TryServeFrontCustomer_PartialDeliveryDoesNotAdvanceQueue" fullname="Engineering.Tests.ServeStationPlayModeTests.TryServeFrontCustomer_PartialDeliveryDoesNotAdvanceQueue" methodname="TryServeFrontCustomer_PartialDeliveryDoesNotAdvanceQueue" classname="Engineering.Tests.ServeStationPlayModeTests" runstate="Runnable" seed="2000955594" result="Passed" start-time="2026-07-24 02:02:29Z" end-time="2026-07-24 02:02:29Z" duration="0.001167" asserts="0">
              <properties>
                <property name="_JOINTYPE" value="UnityCombinatorial" />
                <property name="retryIteration" value="0" />
                <property name="repeatIteration" value="0" />
              </properties>
              <output><![CDATA[Failed to create agent because there is no valid NavMesh
]]></output>
            </test-case>
            <test-case id="1035" name="TryServeFrontCustomer_RaisesPizzaServedEventOnce" fullname="Engineering.Tests.ServeStationPlayModeTests.TryServeFrontCustomer_RaisesPizzaServedEventOnce" methodname="TryServeFrontCustomer_RaisesPizzaServedEventOnce" classname="Engineering.Tests.ServeStationPlayModeTests" runstate="Runnable" seed="2056613061" result="Passed" start-time="2026-07-24 02:02:29Z" end-time="2026-07-24 02:02:29Z" duration="0.001207" asserts="0">
              <properties>
                <property name="_JOINTYPE" value="UnityCombinatorial" />
                <property name="retryIteration" value="0" />
                <property name="repeatIteration" value="0" />
              </properties>
              <output><![CDATA[Failed to create agent because there is no valid NavMesh
]]></output>
            </test-case>
            <test-case id="1029" name="TryServeFrontCustomer_ReturnsZeroWhenCustomerNotAtSlot" fullname="Engineering.Tests.ServeStationPlayModeTests.TryServeFrontCustomer_ReturnsZeroWhenCustomerNotAtSlot" methodname="TryServeFrontCustomer_ReturnsZeroWhenCustomerNotAtSlot" classname="Engineering.Tests.ServeStationPlayModeTests" runstate="Runnable" seed="1463156588" result="Passed" start-time="2026-07-24 02:02:29Z" end-time="2026-07-24 02:02:29Z" duration="0.001240" asserts="0">
              <properties>
                <property name="_JOINTYPE" value="UnityCombinatorial" />
                <property name="retryIteration" value="0" />
                <property name="repeatIteration" value="0" />
              </properties>
              <output><![CDATA[Failed to create agent because there is no valid NavMesh
]]></output>
            </test-case>
            <test-case id="1030" name="TryServeFrontCustomer_ReturnsZeroWhenPlayerHasNoPizzas" fullname="Engineering.Tests.ServeStationPlayModeTests.TryServeFrontCustomer_ReturnsZeroWhenPlayerHasNoPizzas" methodname="TryServeFrontCustomer_ReturnsZeroWhenPlayerHasNoPizzas" classname="Engineering.Tests.ServeStationPlayModeTests" runstate="Runnable" seed="849524074" result="Passed" start-time="2026-07-24 02:02:29Z" end-time="2026-07-24 02:02:29Z" duration="0.001137" asserts="0">
              <properties>
                <property name="_JOINTYPE" value="UnityCombinatorial" />
                <property name="retryIteration" value="0" />
                <property name="repeatIteration" value="0" />
              </properties>
              <output><![CDATA[Failed to create agent because there is no valid NavMesh
]]></output>
            </test-case>
            <test-case id="1025" name="TryServeFrontCustomer_TransfersPizzasToFrontCustomer" fullname="Engineering.Tests.ServeStationPlayModeTests.TryServeFrontCustomer_TransfersPizzasToFrontCustomer" methodname="TryServeFrontCustomer_TransfersPizzasToFrontCustomer" classname="Engineering.Tests.ServeStationPlayModeTests" runstate="Runnable" seed="1865140099" result="Passed" start-time="2026-07-24 02:02:29Z" end-time="2026-07-24 02:02:29Z" duration="0.001127" asserts="0">
              <properties>
                <property name="_JOINTYPE" value="UnityCombinatorial" />
                <property name="retryIteration" value="0" />
                <property name="repeatIteration" value="0" />
              </properties>
              <output><![CDATA[Failed to create agent because there is no valid NavMesh
]]></output>
            </test-case>
            <test-case id="1026" name="TryServeFrontCustomer_TransfersToFirstCustomerOnly" fullname="Engineering.Tests.ServeStationPlayModeTests.TryServeFrontCustomer_TransfersToFirstCustomerOnly" methodname="TryServeFrontCustomer_TransfersToFirstCustomerOnly" classname="Engineering.Tests.ServeStationPlayModeTests" runstate="Runnable" seed="84545893" result="Passed" start-time="2026-07-24 02:02:29Z" end-time="2026-07-24 02:02:29Z" duration="0.001458" asserts="0">
              <properties>
                <property name="_JOINTYPE" value="UnityCombinatorial" />
                <property name="retryIteration" value="0" />
                <property name="repeatIteration" value="0" />
              </properties>
              <output><![CDATA[Failed to create agent because there is no valid NavMesh
Failed to create agent because there is no valid NavMesh
]]></output>
            </test-case>
          </test-suite>
          <test-suite type="TestFixture" id="1041" name="TrashStationPlayModeTests" fullname="Engineering.Tests.TrashStationPlayModeTests" classname="Engineering.Tests.TrashStationPlayModeTests" runstate="Runnable" testcasecount="9" result="Passed" start-time="2026-07-24 02:02:29Z" end-time="2026-07-24 02:02:30Z" duration="0.411719" total="9" passed="9" failed="0" inconclusive="0" skipped="0" asserts="0">
            <properties />
            <test-case id="1049" name="TrashAllPizzas_AnimatesAndDestroysTempVisuals" fullname="Engineering.Tests.TrashStationPlayModeTests.TrashAllPizzas_AnimatesAndDestroysTempVisuals" methodname="TrashAllPizzas_AnimatesAndDestroysTempVisuals" classname="Engineering.Tests.TrashStationPlayModeTests" runstate="Runnable" seed="858640776" result="Passed" start-time="2026-07-24 02:02:29Z" end-time="2026-07-24 02:02:29Z" duration="0.202911" asserts="0">
              <properties>
                <property name="_JOINTYPE" value="UnityCombinatorial" />
                <property name="retryIteration" value="0" />
                <property name="repeatIteration" value="0" />
              </properties>
            </test-case>
            <test-case id="1046" name="TrashAllPizzas_DoesNotReTriggerWhileAlreadyAnimating" fullname="Engineering.Tests.TrashStationPlayModeTests.TrashAllPizzas_DoesNotReTriggerWhileAlreadyAnimating" methodname="TrashAllPizzas_DoesNotReTriggerWhileAlreadyAnimating" classname="Engineering.Tests.TrashStationPlayModeTests" runstate="Runnable" seed="1645455044" result="Passed" start-time="2026-07-24 02:02:29Z" end-time="2026-07-24 02:02:29Z" duration="0.000930" asserts="0">
              <properties>
                <property name="_JOINTYPE" value="UnityCombinatorial" />
                <property name="retryIteration" value="0" />
                <property name="repeatIteration" value="0" />
              </properties>
            </test-case>
            <test-case id="1048" name="TrashAllPizzas_HandlesMissingConfigGracefully" fullname="Engineering.Tests.TrashStationPlayModeTests.TrashAllPizzas_HandlesMissingConfigGracefully" methodname="TrashAllPizzas_HandlesMissingConfigGracefully" classname="Engineering.Tests.TrashStationPlayModeTests" runstate="Runnable" seed="64987342" result="Passed" start-time="2026-07-24 02:02:29Z" end-time="2026-07-24 02:02:29Z" duration="0.000946" asserts="0">
              <properties>
                <property name="_JOINTYPE" value="UnityCombinatorial" />
                <property name="retryIteration" value="0" />
                <property name="repeatIteration" value="0" />
              </properties>
            </test-case>
            <test-case id="1047" name="TrashAllPizzas_HandlesMissingPizzaVisualPrefabGracefully" fullname="Engineering.Tests.TrashStationPlayModeTests.TrashAllPizzas_HandlesMissingPizzaVisualPrefabGracefully" methodname="TrashAllPizzas_HandlesMissingPizzaVisualPrefabGracefully" classname="Engineering.Tests.TrashStationPlayModeTests" runstate="Runnable" seed="1364877842" result="Passed" start-time="2026-07-24 02:02:29Z" end-time="2026-07-24 02:02:29Z" duration="0.000921" asserts="0">
              <properties>
                <property name="_JOINTYPE" value="UnityCombinatorial" />
                <property name="retryIteration" value="0" />
                <property name="repeatIteration" value="0" />
              </properties>
            </test-case>
            <test-case id="1044" name="TrashAllPizzas_NullPlayerIsNoOp" fullname="Engineering.Tests.TrashStationPlayModeTests.TrashAllPizzas_NullPlayerIsNoOp" methodname="TrashAllPizzas_NullPlayerIsNoOp" classname="Engineering.Tests.TrashStationPlayModeTests" runstate="Runnable" seed="657711040" result="Passed" start-time="2026-07-24 02:02:29Z" end-time="2026-07-24 02:02:29Z" duration="0.000831" asserts="0">
              <properties>
                <property name="_JOINTYPE" value="UnityCombinatorial" />
                <property name="retryIteration" value="0" />
                <property name="repeatIteration" value="0" />
              </properties>
            </test-case>
            <test-case id="1045" name="TrashAllPizzas_RaisesPizzaTrashedEventOnce" fullname="Engineering.Tests.TrashStationPlayModeTests.TrashAllPizzas_RaisesPizzaTrashedEventOnce" methodname="TrashAllPizzas_RaisesPizzaTrashedEventOnce" classname="Engineering.Tests.TrashStationPlayModeTests" runstate="Runnable" seed="224592564" result="Passed" start-time="2026-07-24 02:02:29Z" end-time="2026-07-24 02:02:30Z" duration="0.201069" asserts="0">
              <properties>
                <property name="_JOINTYPE" value="UnityCombinatorial" />
                <property name="retryIteration" value="0" />
                <property name="repeatIteration" value="0" />
              </properties>
            </test-case>
            <test-case id="1042" name="TrashAllPizzas_RemovesAllPizzasFromPlayer" fullname="Engineering.Tests.TrashStationPlayModeTests.TrashAllPizzas_RemovesAllPizzasFromPlayer" methodname="TrashAllPizzas_RemovesAllPizzasFromPlayer" classname="Engineering.Tests.TrashStationPlayModeTests" runstate="Runnable" seed="1567467141" result="Passed" start-time="2026-07-24 02:02:30Z" end-time="2026-07-24 02:02:30Z" duration="0.001063" asserts="0">
              <properties>
                <property name="_JOINTYPE" value="UnityCombinatorial" />
                <property name="retryIteration" value="0" />
                <property name="repeatIteration" value="0" />
              </properties>
            </test-case>
            <test-case id="1043" name="TrashAllPizzas_ReturnsEarlyWhenPlayerHasNoPizzas" fullname="Engineering.Tests.TrashStationPlayModeTests.TrashAllPizzas_ReturnsEarlyWhenPlayerHasNoPizzas" methodname="TrashAllPizzas_ReturnsEarlyWhenPlayerHasNoPizzas" classname="Engineering.Tests.TrashStationPlayModeTests" runstate="Runnable" seed="1500948130" result="Passed" start-time="2026-07-24 02:02:30Z" end-time="2026-07-24 02:02:30Z" duration="0.000916" asserts="0">
              <properties>
                <property name="_JOINTYPE" value="UnityCombinatorial" />
                <property name="retryIteration" value="0" />
                <property name="repeatIteration" value="0" />
              </properties>
            </test-case>
            <test-case id="1050" name="TrashPlateTriggerOnEnter_TrashesAllPizzas" fullname="Engineering.Tests.TrashStationPlayModeTests.TrashPlateTriggerOnEnter_TrashesAllPizzas" methodname="TrashPlateTriggerOnEnter_TrashesAllPizzas" classname="Engineering.Tests.TrashStationPlayModeTests" runstate="Runnable" seed="1349762052" result="Passed" start-time="2026-07-24 02:02:30Z" end-time="2026-07-24 02:02:30Z" duration="0.001202" asserts="0">
              <properties>
                <property name="_JOINTYPE" value="UnityCombinatorial" />
                <property name="retryIteration" value="0" />
                <property name="repeatIteration" value="0" />
              </properties>
            </test-case>
          </test-suite>
          <test-suite type="TestFixture" id="1051" name="UIManagerPlayModeTests" fullname="Engineering.Tests.UIManagerPlayModeTests" classname="Engineering.Tests.UIManagerPlayModeTests" runstate="Runnable" testcasecount="3" result="Passed" start-time="2026-07-24 02:02:30Z" end-time="2026-07-24 02:02:30Z" duration="0.004034" total="3" passed="3" failed="0" inconclusive="0" skipped="0" asserts="0">
            <properties />
            <test-case id="1053" name="Awake_DestroysDuplicateInstance" fullname="Engineering.Tests.UIManagerPlayModeTests.Awake_DestroysDuplicateInstance" methodname="Awake_DestroysDuplicateInstance" classname="Engineering.Tests.UIManagerPlayModeTests" runstate="Runnable" seed="1089867479" result="Passed" start-time="2026-07-24 02:02:30Z" end-time="2026-07-24 02:02:30Z" duration="0.001832" asserts="0">
              <properties>
                <property name="_JOINTYPE" value="UnityCombinatorial" />
                <property name="retryIteration" value="0" />
                <property name="repeatIteration" value="0" />
              </properties>
            </test-case>
            <test-case id="1052" name="Awake_SetsStaticInstance" fullname="Engineering.Tests.UIManagerPlayModeTests.Awake_SetsStaticInstance" methodname="Awake_SetsStaticInstance" classname="Engineering.Tests.UIManagerPlayModeTests" runstate="Runnable" seed="1546632084" result="Passed" start-time="2026-07-24 02:02:30Z" end-time="2026-07-24 02:02:30Z" duration="0.000626" asserts="0">
              <properties>
                <property name="_JOINTYPE" value="UnityCombinatorial" />
                <property name="retryIteration" value="0" />
                <property name="repeatIteration" value="0" />
              </properties>
            </test-case>
            <test-case id="1054" name="UpdateMoneyText_UpdatesTextComponent" fullname="Engineering.Tests.UIManagerPlayModeTests.UpdateMoneyText_UpdatesTextComponent" methodname="UpdateMoneyText_UpdatesTextComponent" classname="Engineering.Tests.UIManagerPlayModeTests" runstate="Runnable" seed="1967119329" result="Passed" start-time="2026-07-24 02:02:30Z" end-time="2026-07-24 02:02:30Z" duration="0.001085" asserts="0">
              <properties>
                <property name="_JOINTYPE" value="UnityCombinatorial" />
                <property name="retryIteration" value="0" />
                <property name="repeatIteration" value="0" />
              </properties>
              <output><![CDATA[Saving results to: C:/Users/efsan/AppData/LocalLow/DefaultCompany/My Pizza Shop\TestResults.xml
]]></output>
            </test-case>
          </test-suite>
        </test-suite>
      </test-suite>
    </test-suite>
  </test-suite>
</test-run>